<?xml version="1.0" encoding="UTF-8"?>
<!-- Generated by org.testng.reporters.JUnitXMLReporter -->
<testsuite ignored="0" hostname="Losuinda" failures="0" tests="2" name="firefox" time="5.8" errors="0" timestamp="2024-09-24T12:45:58 CEST">
  <testcase classname="testcases.TC001_RegisterTest" name="testhomepage" time="0.0">
    <skipped/>
  </testcase> <!-- testhomepage -->
  <testcase classname="testcases.TC001_RegisterTest" name="testregister" time="0.0">
    <skipped/>
  </testcase> <!-- testregister -->
</testsuite> <!-- firefox -->
