<?xml version="1.0" encoding="UTF-8"?>
<!-- Generated by org.testng.reporters.JUnitXMLReporter -->
<testsuite ignored="0" hostname="Losuinda" failures="0" tests="3" name="firefoxtest" time="0.025" errors="0" timestamp="2024-09-23T09:58:19 CEST">
  <testcase classname="testcases.TC001_RegisterTest" name="testhomepage" time="0.0">
    <skipped/>
  </testcase> <!-- testhomepage -->
  <testcase classname="testcases.TC001_RegisterTest" name="testregister" time="0.0">
    <skipped/>
  </testcase> <!-- testregister -->
  <testcase classname="testcases.TC002_LoginTest" name="testlogin" time="0.0">
    <skipped/>
  </testcase> <!-- testlogin -->
</testsuite> <!-- firefoxtest -->
