<?xml version="1.0" encoding="UTF-8"?>
<testng-results ignored="0" total="2" passed="2" failed="0" skipped="0">
  <reporter-output>
  </reporter-output>
  <suite started-at="2024-09-27T13:47:49 CEST" name="Suite" finished-at="2024-09-27T13:48:00 CEST" duration-ms="11445">
    <groups>
    </groups>
    <test started-at="2024-09-27T13:47:49 CEST" name="Test" finished-at="2024-09-27T13:48:00 CEST" duration-ms="11445">
      <class name="testcases.TC00_RegisterTest">
        <test-method is-config="true" signature="setup(java.lang.String,java.lang.String)[pri:0, instance:testcases.TC00_RegisterTest@387a8303]" started-at="2024-09-27T13:47:49 CEST" name="setup" finished-at="2024-09-27T13:47:55 CEST" duration-ms="6169" status="PASS">
          <params>
            <param index="0">
              <value>
                <![CDATA[windows]]>
              </value>
            </param>
            <param index="1">
              <value>
                <![CDATA[chrome]]>
              </value>
            </param>
          </params>
          <reporter-output>
          </reporter-output>
        </test-method> <!-- setup -->
        <test-method signature="testhomepage()[pri:1, instance:testcases.TC00_RegisterTest@387a8303]" started-at="2024-09-27T13:47:55 CEST" name="testhomepage" finished-at="2024-09-27T13:47:56 CEST" duration-ms="546" status="PASS">
          <reporter-output>
          </reporter-output>
        </test-method> <!-- testhomepage -->
        <test-method signature="testregister()[pri:2, instance:testcases.TC00_RegisterTest@387a8303]" started-at="2024-09-27T13:47:56 CEST" name="testregister" finished-at="2024-09-27T13:47:58 CEST" duration-ms="1800" status="PASS">
          <reporter-output>
          </reporter-output>
        </test-method> <!-- testregister -->
        <test-method is-config="true" signature="tearDown()[pri:0, instance:testcases.TC00_RegisterTest@387a8303]" started-at="2024-09-27T13:47:58 CEST" name="tearDown" finished-at="2024-09-27T13:48:00 CEST" duration-ms="2562" status="PASS">
          <reporter-output>
          </reporter-output>
        </test-method> <!-- tearDown -->
      </class> <!-- testcases.TC00_RegisterTest -->
    </test> <!-- Test -->
  </suite> <!-- Suite -->
</testng-results>
